# JRE version: Java(TM) SE Runtime Environment (8.0_91-b14) (build 1.8.0_91-b14)
# Java VM: Java HotSpot(TM) 64-Bit Server VM (25.91-b14 mixed mode linux-amd64 compressed oops)
Heap:
 PSYoungGen      total 258560K, used 248488K [0x00000000d6d80000, 0x00000000e9500000, 0x0000000100000000)
  eden space 248832K, 99% used [0x00000000d6d80000,0x00000000e602a028,0x00000000e6080000)
  from space 9728K, 0% used [0x00000000e6080000,0x00000000e6080000,0x00000000e6a00000)
  to   space 13312K, 0% used [0x00000000e8800000,0x00000000e8800000,0x00000000e9500000)
 ParOldGen       total 95744K, used 22311K [0x0000000084800000, 0x000000008a580000, 0x00000000d6d80000)
  object space 95744K, 23% used [0x0000000084800000,0x0000000085dc9d10,0x000000008a580000)
 Metaspace       used 48547K, capacity 49076K, committed 49280K, reserved 1091584K
  class space    used 6094K, capacity 6190K, committed 6272K, reserved 1048576K
GC Heap History (10 events):
Event: 4,619 GC heap before
{Heap before GC invocations=7 (full 0):
 PSYoungGen      total 132608K, used 71662K [0x00000000d6d80000, 0x00000000df880000, 0x0000000100000000)
  eden space 125952K, 51% used [0x00000000d6d80000,0x00000000dacfedd0,0x00000000de880000)
  from space 6656K, 99% used [0x00000000df000000,0x00000000df67cc60,0x00000000df680000)
  to   space 7680K, 0% used [0x00000000de880000,0x00000000de880000,0x00000000df000000)
 ParOldGen       total 84992K, used 1709K [0x0000000084800000, 0x0000000089b00000, 0x00000000d6d80000)
  object space 84992K, 2% used [0x0000000084800000,0x00000000849ab5e8,0x0000000089b00000)
 Metaspace       used 20909K, capacity 21074K, committed 21296K, reserved 1069056K
  class space    used 2569K, capacity 2605K, committed 2688K, reserved 1048576K
Event: 4,639 GC heap after
Heap after GC invocations=7 (full 0):
 PSYoungGen      total 133632K, used 7198K [0x00000000d6d80000, 0x00000000e7380000, 0x0000000100000000)
  eden space 125952K, 0% used [0x00000000d6d80000,0x00000000d6d80000,0x00000000de880000)
  from space 7680K, 93% used [0x00000000de880000,0x00000000def878c0,0x00000000df000000)
  to   space 8192K, 0% used [0x00000000e6b80000,0x00000000e6b80000,0x00000000e7380000)
 ParOldGen       total 84992K, used 4023K [0x0000000084800000, 0x0000000089b00000, 0x00000000d6d80000)
  object space 84992K, 4% used [0x0000000084800000,0x0000000084bede20,0x0000000089b00000)
 Metaspace       used 20909K, capacity 21074K, committed 21296K, reserved 1069056K
  class space    used 2569K, capacity 2605K, committed 2688K, reserved 1048576K
}
Event: 4,639 GC heap before
{Heap before GC invocations=8 (full 1):
 PSYoungGen      total 133632K, used 7198K [0x00000000d6d80000, 0x00000000e7380000, 0x0000000100000000)
  eden space 125952K, 0% used [0x00000000d6d80000,0x00000000d6d80000,0x00000000de880000)
  from space 7680K, 93% used [0x00000000de880000,0x00000000def878c0,0x00000000df000000)
  to   space 8192K, 0% used [0x00000000e6b80000,0x00000000e6b80000,0x00000000e7380000)
 ParOldGen       total 84992K, used 4023K [0x0000000084800000, 0x0000000089b00000, 0x00000000d6d80000)
  object space 84992K, 4% used [0x0000000084800000,0x0000000084bede20,0x0000000089b00000)
 Metaspace       used 20909K, capacity 21074K, committed 21296K, reserved 1069056K
  class space    used 2569K, capacity 2605K, committed 2688K, reserved 1048576K
Event: 4,688 GC heap after
Heap after GC invocations=8 (full 1):
 PSYoungGen      total 133632K, used 0K [0x00000000d6d80000, 0x00000000e7380000, 0x0000000100000000)
  eden space 125952K, 0% used [0x00000000d6d80000,0x00000000d6d80000,0x00000000de880000)
  from space 7680K, 0% used [0x00000000de880000,0x00000000de880000,0x00000000df000000)
  to   space 8192K, 0% used [0x00000000e6b80000,0x00000000e6b80000,0x00000000e7380000)
 ParOldGen       total 54272K, used 9241K [0x0000000084800000, 0x0000000087d00000, 0x00000000d6d80000)
  object space 54272K, 17% used [0x0000000084800000,0x0000000085106530,0x0000000087d00000)
 Metaspace       used 20909K, capacity 21074K, committed 21296K, reserved 1069056K
  class space    used 2569K, capacity 2605K, committed 2688K, reserved 1048576K
}
Event: 6,056 GC heap before
{Heap before GC invocations=9 (full 1):
 PSYoungGen      total 133632K, used 125952K [0x00000000d6d80000, 0x00000000e7380000, 0x0000000100000000)
  eden space 125952K, 100% used [0x00000000d6d80000,0x00000000de880000,0x00000000de880000)
  from space 7680K, 0% used [0x00000000de880000,0x00000000de880000,0x00000000df000000)
  to   space 8192K, 0% used [0x00000000e6b80000,0x00000000e6b80000,0x00000000e7380000)
 ParOldGen       total 54272K, used 9241K [0x0000000084800000, 0x0000000087d00000, 0x00000000d6d80000)
  object space 54272K, 17% used [0x0000000084800000,0x0000000085106530,0x0000000087d00000)
 Metaspace       used 25447K, capacity 25656K, committed 25984K, reserved 1073152K
  class space    used 3100K, capacity 3134K, committed 3200K, reserved 1048576K
Event: 6,066 GC heap after
Heap after GC invocations=9 (full 1):
 PSYoungGen      total 211456K, used 8174K [0x00000000d6d80000, 0x00000000e7380000, 0x0000000100000000)
  eden space 203264K, 0% used [0x00000000d6d80000,0x00000000d6d80000,0x00000000e3400000)
  from space 8192K, 99% used [0x00000000e6b80000,0x00000000e737bb78,0x00000000e7380000)
  to   space 9728K, 0% used [0x00000000e6080000,0x00000000e6080000,0x00000000e6a00000)
 ParOldGen       total 54272K, used 10700K [0x0000000084800000, 0x0000000087d00000, 0x00000000d6d80000)
  object space 54272K, 19% used [0x0000000084800000,0x0000000085273290,0x0000000087d00000)
 Metaspace       used 25447K, capacity 25656K, committed 25984K, reserved 1073152K
  class space    used 3100K, capacity 3134K, committed 3200K, reserved 1048576K
}
Event: 8,514 GC heap before
{Heap before GC invocations=10 (full 1):
 PSYoungGen      total 211456K, used 145443K [0x00000000d6d80000, 0x00000000e7380000, 0x0000000100000000)
  eden space 203264K, 67% used [0x00000000d6d80000,0x00000000df38d400,0x00000000e3400000)
  from space 8192K, 99% used [0x00000000e6b80000,0x00000000e737bb78,0x00000000e7380000)
  to   space 9728K, 0% used [0x00000000e6080000,0x00000000e6080000,0x00000000e6a00000)
 ParOldGen       total 54272K, used 10700K [0x0000000084800000, 0x0000000087d00000, 0x00000000d6d80000)
  object space 54272K, 19% used [0x0000000084800000,0x0000000085273290,0x0000000087d00000)
 Metaspace       used 35077K, capacity 35366K, committed 35456K, reserved 1081344K
  class space    used 4374K, capacity 4447K, committed 4480K, reserved 1048576K
Event: 8,543 GC heap after
Heap after GC invocations=10 (full 1):
 PSYoungGen      total 258560K, used 9717K [0x00000000d6d80000, 0x00000000e9500000, 0x0000000100000000)
  eden space 248832K, 0% used [0x00000000d6d80000,0x00000000d6d80000,0x00000000e6080000)
  from space 9728K, 99% used [0x00000000e6080000,0x00000000e69fd660,0x00000000e6a00000)
  to   space 13312K, 0% used [0x00000000e8800000,0x00000000e8800000,0x00000000e9500000)
 ParOldGen       total 54272K, used 16957K [0x0000000084800000, 0x0000000087d00000, 0x00000000d6d80000)
  object space 54272K, 31% used [0x0000000084800000,0x000000008588f708,0x0000000087d00000)
 Metaspace       used 35077K, capacity 35366K, committed 35456K, reserved 1081344K
  class space    used 4374K, capacity 4447K, committed 4480K, reserved 1048576K
}
Event: 8,543 GC heap before
{Heap before GC invocations=11 (full 2):
 PSYoungGen      total 258560K, used 9717K [0x00000000d6d80000, 0x00000000e9500000, 0x0000000100000000)
  eden space 248832K, 0% used [0x00000000d6d80000,0x00000000d6d80000,0x00000000e6080000)
  from space 9728K, 99% used [0x00000000e6080000,0x00000000e69fd660,0x00000000e6a00000)
  to   space 13312K, 0% used [0x00000000e8800000,0x00000000e8800000,0x00000000e9500000)
 ParOldGen       total 54272K, used 16957K [0x0000000084800000, 0x0000000087d00000, 0x00000000d6d80000)
  object space 54272K, 31% used [0x0000000084800000,0x000000008588f708,0x0000000087d00000)
 Metaspace       used 35077K, capacity 35366K, committed 35456K, reserved 1081344K
  class space    used 4374K, capacity 4447K, committed 4480K, reserved 1048576K
Event: 8,687 GC heap after
Heap after GC invocations=11 (full 2):
 PSYoungGen      total 258560K, used 0K [0x00000000d6d80000, 0x00000000e9500000, 0x0000000100000000)
  eden space 248832K, 0% used [0x00000000d6d80000,0x00000000d6d80000,0x00000000e6080000)
  from space 9728K, 0% used [0x00000000e6080000,0x00000000e6080000,0x00000000e6a00000)
  to   space 13312K, 0% used [0x00000000e8800000,0x00000000e8800000,0x00000000e9500000)
 ParOldGen       total 95744K, used 22311K [0x0000000084800000, 0x000000008a580000, 0x00000000d6d80000)
  object space 95744K, 23% used [0x0000000084800000,0x0000000085dc9d10,0x000000008a580000)
 Metaspace       used 35077K, capacity 35366K, committed 35456K, reserved 1081344K
  class space    used 4374K, capacity 4447K, committed 4480K, reserved 1048576K
}

